c:\users\roman\desktop\win3 1\win2\x64\debug\vc140.pdb
c:\users\roman\desktop\win3 1\win2\x64\debug\vc140.idb
c:\users\roman\desktop\win3 1\win2\x64\debug\main.obj
f:\win3 1\win2\x64\debug\vc140.pdb
f:\win3 1\win2\x64\debug\vc140.idb
f:\win3 1\win2\x64\debug\main.obj
c:\users\roman\desktop\win3 1\x64\debug\win2.ilk
c:\users\roman\desktop\win3 1\x64\debug\win2.exe
c:\users\roman\desktop\win3 1\x64\debug\win2.pdb
c:\users\roman\desktop\win3 1\win2\x64\debug\win2.res
c:\users\pst\desktop\win3 1\win2\x64\debug\main.obj
c:\users\pst\desktop\win3 1\win2\x64\debug\vc140.idb
c:\users\pst\desktop\win3 1\win2\x64\debug\vc140.pdb
c:\users\pst\desktop\win3 1\x64\debug\win2.pdb
c:\users\pst\desktop\win3 1\x64\debug\win2.exe
c:\users\pst\desktop\win3 1\x64\debug\win2.ilk
c:\users\pst\desktop\win3 1\win2\x64\debug\win2.tlog\cl.command.1.tlog
c:\users\pst\desktop\win3 1\win2\x64\debug\win2.tlog\cl.read.1.tlog
c:\users\pst\desktop\win3 1\win2\x64\debug\win2.tlog\cl.write.1.tlog
c:\users\pst\desktop\win3 1\win2\x64\debug\win2.tlog\link.command.1.tlog
c:\users\pst\desktop\win3 1\win2\x64\debug\win2.tlog\link.read.1.tlog
c:\users\pst\desktop\win3 1\win2\x64\debug\win2.tlog\link.write.1.tlog
c:\users\pst\desktop\win3 1\win2\x64\debug\win2.tlog\rc.command.1.tlog
c:\users\pst\desktop\win3 1\win2\x64\debug\win2.tlog\rc.read.1.tlog
c:\users\pst\desktop\win3 1\win2\x64\debug\win2.tlog\rc.write.1.tlog
